<?xml version="1.0" encoding="UTF-8"?>
<!-- Generated by org.testng.reporters.JUnitReportReporter -->
<testsuite skipped="0" hostname="LAPTOP-SIIMV6LJ" name="com.Automation.facebook.Mavenfacebook.Verifylogin" tests="1" failures="0" timestamp="28 Nov 2016 16:45:30 GMT" time="3.623" errors="0">
  <testcase name="signinverification" time="3.623" classname="com.Automation.facebook.Mavenfacebook.Verifylogin"/>
</testsuite> <!-- com.Automation.facebook.Mavenfacebook.Verifylogin -->
